#
# A fatal error has been detected by the Java Runtime Environment:
#
#  EXCEPTION_ACCESS_VIOLATION (0xc0000005) at pc=0x00007ffe8c6275f0, pid=5504, tid=4032
#
# JRE version: OpenJDK Runtime Environment (15.0.2+7) (build 15.0.2+7-27)
# Java VM: OpenJDK 64-Bit Server VM (15.0.2+7-27, mixed mode, tiered, compressed oops, g1 gc, windows-amd64)
# Problematic frame:
# V  [jvm.dll+0x6b75f0]
#
# No core dump will be written. Minidumps are not enabled by default on client versions of Windows
#
# If you would like to submit a bug report, please visit:
#   https://bugreport.java.com/bugreport/crash.jsp
#

---------------  S U M M A R Y ------------

Command Line: -Dmaven.home=EMBEDDED -Dclassworlds.conf=C:\Users\toshiba\eclipse-workspace\.metadata\.plugins\org.eclipse.m2e.launching\launches\m2conf2525848416513762503.tmp -Dmaven.multiModuleProjectDirectory=C:\Users\toshiba\eclipse-workspace\LOREMX -Dfile.encoding=Cp1252 -XX:+ShowCodeDetailsInExceptionMessages org.codehaus.plexus.classworlds.launcher.Launcher -B install

Host: Intel(R) Core(TM) i3 CPU       M 370  @ 2.40GHz, 4 cores, 3G,  Windows 10 , 64 bit Build 18362 (10.0.18362.86)
Time: Sun Jun  6 20:26:55 2021 Mountain Daylight Time (Mexico) elapsed time: 20.470156 seconds (0d 0h 0m 20s)

---------------  T H R E A D  ---------------

Current thread (0x0000020f67671b60):  JavaThread "main" [_thread_in_vm, id=4032, stack(0x0000002fcbe00000,0x0000002fcbf00000)]

Stack: [0x0000002fcbe00000,0x0000002fcbf00000],  sp=0x0000002fcbefafc0,  free space=1003k
Native frames: (J=compiled Java code, j=interpreted, Vv=VM code, C=native code)
V  [jvm.dll+0x6b75f0]
V  [jvm.dll+0x6b8d67]
V  [jvm.dll+0x6b995f]
V  [jvm.dll+0x6b9b3e]
V  [jvm.dll+0x2114e6]
V  [jvm.dll+0x210936]
V  [jvm.dll+0x10010f]
V  [jvm.dll+0x34d951]
C  0x0000020f6b0a16e8

Java frames: (J=compiled Java code, j=interpreted, Vv=VM code)
j  sun.util.resources.cldr.TimeZoneNames_en.getContents()[[Ljava/lang/Object;+6996 java.base@15.0.2
j  sun.util.resources.OpenListResourceBundle.loadLookup()V+1 java.base@15.0.2
j  sun.util.resources.OpenListResourceBundle.loadLookupTablesIfNecessary()V+8 java.base@15.0.2
j  sun.util.resources.OpenListResourceBundle.handleKeySet()Ljava/util/Set;+1 java.base@15.0.2
j  java.util.ResourceBundle.containsKey(Ljava/lang/String;)Z+19 java.base@15.0.2
j  sun.util.locale.provider.LocaleResources.getTimeZoneNames(Ljava/lang/String;)Ljava/lang/Object;+152 java.base@15.0.2
j  sun.util.locale.provider.TimeZoneNameProviderImpl.getDisplayNameArray(Ljava/lang/String;Ljava/util/Locale;)[Ljava/lang/String;+22 java.base@15.0.2
j  sun.util.cldr.CLDRTimeZoneNameProviderImpl.getDisplayNameArray(Ljava/lang/String;Ljava/util/Locale;)[Ljava/lang/String;+3 java.base@15.0.2
j  sun.util.locale.provider.TimeZoneNameProviderImpl.getDisplayName(Ljava/lang/String;ZILjava/util/Locale;)Ljava/lang/String;+4 java.base@15.0.2
j  sun.util.locale.provider.TimeZoneNameUtility$TimeZoneNameGetter.getName(Ljava/util/spi/TimeZoneNameProvider;Ljava/util/Locale;Ljava/lang/String;ILjava/lang/String;)Ljava/lang/String;+126 java.base@15.0.2
j  sun.util.locale.provider.TimeZoneNameUtility$TimeZoneNameGetter.getObject(Ljava/util/spi/TimeZoneNameProvider;Ljava/util/Locale;Ljava/lang/String;[Ljava/lang/Object;)Ljava/lang/String;+49 java.base@15.0.2
j  sun.util.locale.provider.TimeZoneNameUtility$TimeZoneNameGetter.getObject(Ljava/util/spi/LocaleServiceProvider;Ljava/util/Locale;Ljava/lang/String;[Ljava/lang/Object;)Ljava/lang/Object;+9 java.base@15.0.2
j  sun.util.locale.provider.LocaleServiceProviderPool.getLocalizedObjectImpl(Lsun/util/locale/provider/LocaleServiceProviderPool$LocalizedObjectGetter;Ljava/util/Locale;ZLjava/lang/String;[Ljava/lang/Object;)Ljava/lang/Object;+93 java.base@15.0.2
j  sun.util.locale.provider.LocaleServiceProviderPool.getLocalizedObject(Lsun/util/locale/provider/LocaleServiceProviderPool$LocalizedObjectGetter;Ljava/util/Locale;Ljava/lang/String;[Ljava/lang/Object;)Ljava/lang/Object;+7 java.base@15.0.2
j  sun.util.locale.provider.TimeZoneNameUtility.retrieveDisplayNamesImpl(Ljava/lang/String;Ljava/util/Locale;)[Ljava/lang/String;+140 java.base@15.0.2
j  sun.util.locale.provider.TimeZoneNameUtility.retrieveDisplayName(Ljava/lang/String;ZILjava/util/Locale;)Ljava/lang/String;+2 java.base@15.0.2
j  java.util.TimeZone.getDisplayName(ZILjava/util/Locale;)Ljava/lang/String;+47 java.base@15.0.2
j  java.util.Date.toString()Ljava/lang/String;+150 java.base@15.0.2
j  java.util.Properties.store0(Ljava/io/BufferedWriter;Ljava/lang/String;Z)V+29 java.base@15.0.2
j  java.util.Properties.store(Ljava/io/OutputStream;Ljava/lang/String;)V+21 java.base@15.0.2
j  org.eclipse.aether.internal.impl.TrackingFileManager.update(Ljava/io/File;Ljava/util/Map;)Ljava/util/Properties;+251
j  org.eclipse.aether.internal.impl.EnhancedLocalRepositoryManager.addRepo(Ljava/io/File;Ljava/util/Collection;)V+71
j  org.eclipse.aether.internal.impl.EnhancedLocalRepositoryManager.addArtifact(Lorg/eclipse/aether/artifact/Artifact;Ljava/util/Collection;Z)V+38
j  org.eclipse.aether.internal.impl.EnhancedLocalRepositoryManager.add(Lorg/eclipse/aether/RepositorySystemSession;Lorg/eclipse/aether/repository/LocalArtifactRegistration;)V+47
j  org.eclipse.aether.internal.impl.DefaultArtifactResolver.evaluateDownloads(Lorg/eclipse/aether/RepositorySystemSession;Lorg/eclipse/aether/internal/impl/DefaultArtifactResolver$ResolutionGroup;)V+144
j  org.eclipse.aether.internal.impl.DefaultArtifactResolver.performDownloads(Lorg/eclipse/aether/RepositorySystemSession;Lorg/eclipse/aether/internal/impl/DefaultArtifactResolver$ResolutionGroup;)V+257
J 3805 c1 org.eclipse.aether.internal.impl.DefaultArtifactResolver.resolve(Lorg/eclipse/aether/RepositorySystemSession;Ljava/util/Collection;)Ljava/util/List; (1053 bytes) @ 0x0000020f6bd47e24 [0x0000020f6bd462c0+0x0000000000001b64]
j  org.eclipse.aether.internal.impl.DefaultArtifactResolver.resolveArtifacts(Lorg/eclipse/aether/RepositorySystemSession;Ljava/util/Collection;)Ljava/util/List;+107
j  org.eclipse.aether.internal.impl.DefaultArtifactResolver.resolveArtifact(Lorg/eclipse/aether/RepositorySystemSession;Lorg/eclipse/aether/resolution/ArtifactRequest;)Lorg/eclipse/aether/resolution/ArtifactResult;+6
j  org.apache.maven.repository.internal.DefaultArtifactDescriptorReader.loadPom(Lorg/eclipse/aether/RepositorySystemSession;Lorg/eclipse/aether/resolution/ArtifactDescriptorRequest;Lorg/eclipse/aether/resolution/ArtifactDescriptorResult;)Lorg/apache/maven/model/Model;+328
j  org.apache.maven.repository.internal.DefaultArtifactDescriptorReader.readArtifactDescriptor(Lorg/eclipse/aether/RepositorySystemSession;Lorg/eclipse/aether/resolution/ArtifactDescriptorRequest;)Lorg/eclipse/aether/resolution/ArtifactDescriptorResult;+13
J 3745 c1 org.eclipse.aether.internal.impl.collect.DefaultDependencyCollector.resolveCachedArtifactDescriptor(Lorg/eclipse/aether/internal/impl/collect/DataPool;Lorg/eclipse/aether/resolution/ArtifactDescriptorRequest;Lorg/eclipse/aether/RepositorySystemSession;Lorg/eclipse/aether/graph/Dependency;Lorg/eclipse/aether/internal/impl/collect/DefaultDependencyCollector$Results;Lorg/eclipse/aether/internal/impl/collect/DefaultDependencyCollector$Args;)Lorg/eclipse/aether/resolution/ArtifactDescriptorResult; (84 bytes) @ 0x0000020f6bd2d91c [0x0000020f6bd2d7a0+0x000000000000017c]
J 3433 c1 org.eclipse.aether.internal.impl.collect.DefaultDependencyCollector.getArtifactDescriptorResult(Lorg/eclipse/aether/internal/impl/collect/DefaultDependencyCollector$Args;Lorg/eclipse/aether/internal/impl/collect/DefaultDependencyCollector$Results;ZLorg/eclipse/aether/graph/Dependency;Lorg/eclipse/aether/resolution/ArtifactDescriptorRequest;)Lorg/eclipse/aether/resolution/ArtifactDescriptorResult; (35 bytes) @ 0x0000020f6bca60b4 [0x0000020f6bca5fc0+0x00000000000000f4]
J 2953 c1 org.eclipse.aether.internal.impl.collect.DefaultDependencyCollector.processDependency(Lorg/eclipse/aether/internal/impl/collect/DefaultDependencyCollector$Args;Lorg/eclipse/aether/internal/impl/collect/DefaultDependencyCollector$Results;Ljava/util/List;Lorg/eclipse/aether/collection/DependencySelector;Lorg/eclipse/aether/collection/DependencyManager;Lorg/eclipse/aether/collection/DependencyTraverser;Lorg/eclipse/aether/collection/VersionFilter;Lorg/eclipse/aether/graph/Dependency;Ljava/util/List;Z)V (628 bytes) @ 0x0000020f6bbbf164 [0x0000020f6bbbdf60+0x0000000000001204]
J 2952 c1 org.eclipse.aether.internal.impl.collect.DefaultDependencyCollector.processDependency(Lorg/eclipse/aether/internal/impl/collect/DefaultDependencyCollector$Args;Lorg/eclipse/aether/internal/impl/collect/DefaultDependencyCollector$Results;Ljava/util/List;Lorg/eclipse/aether/collection/DependencySelector;Lorg/eclipse/aether/collection/DependencyManager;Lorg/eclipse/aether/collection/DependencyTraverser;Lorg/eclipse/aether/collection/VersionFilter;Lorg/eclipse/aether/graph/Dependency;)V (30 bytes) @ 0x0000020f6bbc5344 [0x0000020f6bbc5240+0x0000000000000104]
j  org.eclipse.aether.internal.impl.collect.DefaultDependencyCollector.process(Lorg/eclipse/aether/internal/impl/collect/DefaultDependencyCollector$Args;Lorg/eclipse/aether/internal/impl/collect/DefaultDependencyCollector$Results;Ljava/util/List;Ljava/util/List;Lorg/eclipse/aether/collection/DependencySelector;Lorg/eclipse/aether/collection/DependencyManager;Lorg/eclipse/aether/collection/DependencyTraverser;Lorg/eclipse/aether/collection/VersionFilter;)V+45
J 3167 c1 org.eclipse.aether.internal.impl.collect.DefaultDependencyCollector.doRecurse(Lorg/eclipse/aether/internal/impl/collect/DefaultDependencyCollector$Args;Lorg/eclipse/aether/internal/impl/collect/DefaultDependencyCollector$Results;Ljava/util/List;Lorg/eclipse/aether/collection/DependencySelector;Lorg/eclipse/aether/collection/DependencyManager;Lorg/eclipse/aether/collection/DependencyTraverser;Lorg/eclipse/aether/collection/VersionFilter;Lorg/eclipse/aether/graph/Dependency;Lorg/eclipse/aether/resolution/ArtifactDescriptorResult;Lorg/eclipse/aether/graph/DefaultDependencyNode;)V (233 bytes) @ 0x0000020f6bc2f02c [0x0000020f6bc2eb80+0x00000000000004ac]
J 2953 c1 org.eclipse.aether.internal.impl.collect.DefaultDependencyCollector.processDependency(Lorg/eclipse/aether/internal/impl/collect/DefaultDependencyCollector$Args;Lorg/eclipse/aether/internal/impl/collect/DefaultDependencyCollector$Results;Ljava/util/List;Lorg/eclipse/aether/collection/DependencySelector;Lorg/eclipse/aether/collection/DependencyManager;Lorg/eclipse/aether/collection/DependencyTraverser;Lorg/eclipse/aether/collection/VersionFilter;Lorg/eclipse/aether/graph/Dependency;Ljava/util/List;Z)V (628 bytes) @ 0x0000020f6bbc02fc [0x0000020f6bbbdf60+0x000000000000239c]
J 2952 c1 org.eclipse.aether.internal.impl.collect.DefaultDependencyCollector.processDependency(Lorg/eclipse/aether/internal/impl/collect/DefaultDependencyCollector$Args;Lorg/eclipse/aether/internal/impl/collect/DefaultDependencyCollector$Results;Ljava/util/List;Lorg/eclipse/aether/collection/DependencySelector;Lorg/eclipse/aether/collection/DependencyManager;Lorg/eclipse/aether/collection/DependencyTraverser;Lorg/eclipse/aether/collection/VersionFilter;Lorg/eclipse/aether/graph/Dependency;)V (30 bytes) @ 0x0000020f6bbc5344 [0x0000020f6bbc5240+0x0000000000000104]
j  org.eclipse.aether.internal.impl.collect.DefaultDependencyCollector.process(Lorg/eclipse/aether/internal/impl/collect/DefaultDependencyCollector$Args;Lorg/eclipse/aether/internal/impl/collect/DefaultDependencyCollector$Results;Ljava/util/List;Ljava/util/List;Lorg/eclipse/aether/collection/DependencySelector;Lorg/eclipse/aether/collection/DependencyManager;Lorg/eclipse/aether/collection/DependencyTraverser;Lorg/eclipse/aether/collection/VersionFilter;)V+45
J 3167 c1 org.eclipse.aether.internal.impl.collect.DefaultDependencyCollector.doRecurse(Lorg/eclipse/aether/internal/impl/collect/DefaultDependencyCollector$Args;Lorg/eclipse/aether/internal/impl/collect/DefaultDependencyCollector$Results;Ljava/util/List;Lorg/eclipse/aether/collection/DependencySelector;Lorg/eclipse/aether/collection/DependencyManager;Lorg/eclipse/aether/collection/DependencyTraverser;Lorg/eclipse/aether/collection/VersionFilter;Lorg/eclipse/aether/graph/Dependency;Lorg/eclipse/aether/resolution/ArtifactDescriptorResult;Lorg/eclipse/aether/graph/DefaultDependencyNode;)V (233 bytes) @ 0x0000020f6bc2f02c [0x0000020f6bc2eb80+0x00000000000004ac]
J 2953 c1 org.eclipse.aether.internal.impl.collect.DefaultDependencyCollector.processDependency(Lorg/eclipse/aether/internal/impl/collect/DefaultDependencyCollector$Args;Lorg/eclipse/aether/internal/impl/collect/DefaultDependencyCollector$Results;Ljava/util/List;Lorg/eclipse/aether/collection/DependencySelector;Lorg/eclipse/aether/collection/DependencyManager;Lorg/eclipse/aether/collection/DependencyTraverser;Lorg/eclipse/aether/collection/VersionFilter;Lorg/eclipse/aether/graph/Dependency;Ljava/util/List;Z)V (628 bytes) @ 0x0000020f6bbc02fc [0x0000020f6bbbdf60+0x000000000000239c]
J 2952 c1 org.eclipse.aether.internal.impl.collect.DefaultDependencyCollector.processDependency(Lorg/eclipse/aether/internal/impl/collect/DefaultDependencyCollector$Args;Lorg/eclipse/aether/internal/impl/collect/DefaultDependencyCollector$Results;Ljava/util/List;Lorg/eclipse/aether/collection/DependencySelector;Lorg/eclipse/aether/collection/DependencyManager;Lorg/eclipse/aether/collection/DependencyTraverser;Lorg/eclipse/aether/collection/VersionFilter;Lorg/eclipse/aether/graph/Dependency;)V (30 bytes) @ 0x0000020f6bbc5344 [0x0000020f6bbc5240+0x0000000000000104]
j  org.eclipse.aether.internal.impl.collect.DefaultDependencyCollector.process(Lorg/eclipse/aether/internal/impl/collect/DefaultDependencyCollector$Args;Lorg/eclipse/aether/internal/impl/collect/DefaultDependencyCollector$Results;Ljava/util/List;Ljava/util/List;Lorg/eclipse/aether/collection/DependencySelector;Lorg/eclipse/aether/collection/DependencyManager;Lorg/eclipse/aether/collection/DependencyTraverser;Lorg/eclipse/aether/collection/VersionFilter;)V+45
j  org.eclipse.aether.internal.impl.collect.DefaultDependencyCollector.collectDependencies(Lorg/eclipse/aether/RepositorySystemSession;Lorg/eclipse/aether/collection/CollectRequest;)Lorg/eclipse/aether/collection/CollectResult;+752
j  org.eclipse.aether.internal.impl.DefaultRepositorySystem.collectDependencies(Lorg/eclipse/aether/RepositorySystemSession;Lorg/eclipse/aether/collection/CollectRequest;)Lorg/eclipse/aether/collection/CollectResult;+11
j  org.apache.maven.plugin.internal.DefaultPluginDependenciesResolver.resolveInternal(Lorg/apache/maven/model/Plugin;Lorg/eclipse/aether/artifact/Artifact;Lorg/eclipse/aether/graph/DependencyFilter;Lorg/eclipse/aether/collection/DependencyGraphTransformer;Ljava/util/List;Lorg/eclipse/aether/RepositorySystemSession;)Lorg/eclipse/aether/graph/DependencyNode;+272
j  org.apache.maven.plugin.internal.DefaultPluginDependenciesResolver.resolve(Lorg/apache/maven/model/Plugin;Lorg/eclipse/aether/artifact/Artifact;Lorg/eclipse/aether/graph/DependencyFilter;Ljava/util/List;Lorg/eclipse/aether/RepositorySystemSession;)Lorg/eclipse/aether/graph/DependencyNode;+15
j  org.apache.maven.plugin.internal.DefaultMavenPluginManager.createPluginRealm(Lorg/apache/maven/plugin/descriptor/PluginDescriptor;Lorg/apache/maven/execution/MavenSession;Ljava/lang/ClassLoader;Ljava/util/Map;Lorg/eclipse/aether/graph/DependencyFilter;)V+76
j  org.apache.maven.plugin.internal.DefaultMavenPluginManager.setupPluginRealm(Lorg/apache/maven/plugin/descriptor/PluginDescriptor;Lorg/apache/maven/execution/MavenSession;Ljava/lang/ClassLoader;Ljava/util/List;Lorg/eclipse/aether/graph/DependencyFilter;)V+263
j  org.apache.maven.plugin.DefaultBuildPluginManager.getPluginRealm(Lorg/apache/maven/execution/MavenSession;Lorg/apache/maven/plugin/descriptor/PluginDescriptor;)Lorg/codehaus/plexus/classworlds/realm/ClassRealm;+20
j  org.apache.maven.plugin.DefaultBuildPluginManager.executeMojo(Lorg/apache/maven/execution/MavenSession;Lorg/apache/maven/plugin/MojoExecution;)V+21
j  org.apache.maven.lifecycle.internal.MojoExecutor.execute(Lorg/apache/maven/execution/MavenSession;Lorg/apache/maven/plugin/MojoExecution;Lorg/apache/maven/lifecycle/internal/ProjectIndex;Lorg/apache/maven/lifecycle/internal/DependencyContext;)V+215
j  org.apache.maven.lifecycle.internal.MojoExecutor.execute(Lorg/apache/maven/execution/MavenSession;Lorg/apache/maven/plugin/MojoExecution;Lorg/apache/maven/lifecycle/internal/ProjectIndex;Lorg/apache/maven/lifecycle/internal/DependencyContext;Lorg/apache/maven/lifecycle/internal/PhaseRecorder;)V+6
j  org.apache.maven.lifecycle.internal.MojoExecutor.execute(Lorg/apache/maven/execution/MavenSession;Ljava/util/List;Lorg/apache/maven/lifecycle/internal/ProjectIndex;)V+60
j  org.apache.maven.lifecycle.internal.LifecycleModuleBuilder.buildProject(Lorg/apache/maven/execution/MavenSession;Lorg/apache/maven/execution/MavenSession;Lorg/apache/maven/lifecycle/internal/ReactorContext;Lorg/apache/maven/project/MavenProject;Lorg/apache/maven/lifecycle/internal/TaskSegment;)V+179
j  org.apache.maven.lifecycle.internal.LifecycleModuleBuilder.buildProject(Lorg/apache/maven/execution/MavenSession;Lorg/apache/maven/lifecycle/internal/ReactorContext;Lorg/apache/maven/project/MavenProject;Lorg/apache/maven/lifecycle/internal/TaskSegment;)V+7
j  org.apache.maven.lifecycle.internal.builder.singlethreaded.SingleThreadedBuilder.build(Lorg/apache/maven/execution/MavenSession;Lorg/apache/maven/lifecycle/internal/ReactorContext;Lorg/apache/maven/lifecycle/internal/ProjectBuildList;Ljava/util/List;Lorg/apache/maven/lifecycle/internal/ReactorBuildStatus;)V+77
j  org.apache.maven.lifecycle.internal.LifecycleStarter.execute(Lorg/apache/maven/execution/MavenSession;)V+348
j  org.apache.maven.DefaultMaven.doExecute(Lorg/apache/maven/execution/MavenExecutionRequest;Lorg/apache/maven/execution/MavenSession;Lorg/apache/maven/execution/MavenExecutionResult;Lorg/eclipse/aether/DefaultRepositorySystemSession;)Lorg/apache/maven/execution/MavenExecutionResult;+425
j  org.apache.maven.DefaultMaven.doExecute(Lorg/apache/maven/execution/MavenExecutionRequest;)Lorg/apache/maven/execution/MavenExecutionResult;+98
j  org.apache.maven.DefaultMaven.execute(Lorg/apache/maven/execution/MavenExecutionRequest;)Lorg/apache/maven/execution/MavenExecutionResult;+2
j  org.apache.maven.cli.MavenCli.execute(Lorg/apache/maven/cli/CliRequest;)I+27
j  org.apache.maven.cli.MavenCli.doMain(Lorg/apache/maven/cli/CliRequest;)I+66
j  org.apache.maven.cli.MavenCli.main([Ljava/lang/String;Lorg/codehaus/plexus/classworlds/ClassWorld;)I+24
v  ~StubRoutines::call_stub
j  jdk.internal.reflect.NativeMethodAccessorImpl.invoke0(Ljava/lang/reflect/Method;Ljava/lang/Object;[Ljava/lang/Object;)Ljava/lang/Object;+0 java.base@15.0.2
j  jdk.internal.reflect.NativeMethodAccessorImpl.invoke(Ljava/lang/Object;[Ljava/lang/Object;)Ljava/lang/Object;+113 java.base@15.0.2
j  jdk.internal.reflect.DelegatingMethodAccessorImpl.invoke(Ljava/lang/Object;[Ljava/lang/Object;)Ljava/lang/Object;+6 java.base@15.0.2
j  java.lang.reflect.Method.invoke(Ljava/lang/Object;[Ljava/lang/Object;)Ljava/lang/Object;+59 java.base@15.0.2
j  org.codehaus.plexus.classworlds.launcher.Launcher.launchEnhanced([Ljava/lang/String;)V+45
j  org.codehaus.plexus.classworlds.launcher.Launcher.launch([Ljava/lang/String;)V+2
j  org.codehaus.plexus.classworlds.launcher.Launcher.mainWithExitCode([Ljava/lang/String;)I+101
j  org.codehaus.plexus.classworlds.launcher.Launcher.main([Ljava/lang/String;)V+1
v  ~StubRoutines::call_stub

siginfo: EXCEPTION_ACCESS_VIOLATION (0xc0000005), reading address 0x0000020000000008


Register to memory mapping:

RIP=0x00007ffe8c6275f0 jvm.dll
RAX=0x0000020000000000 is an unknown value
RBX=0x0000020000000000 is an unknown value
RCX=0x0000020f7e820e30 points into unknown readable memory: 0x0000000000000000 | 00 00 00 00 00 00 00 00
RDX=0x00000000000062c4 is an unknown value
RSP=0x0000002fcbefafc0 is pointing into the stack for thread: 0x0000020f67671b60
RBP=0x0 is NULL
RSI=0x0 is NULL
RDI=0x0000020f67671b00 points into unknown readable memory: 0x00007ffe8c7f34c8 | c8 34 7f 8c fe 7f 00 00
R8 =
[error occurred during error reporting (printing register info), id 0xc0000005, EXCEPTION_ACCESS_VIOLATION (0xc0000005) at pc=0x00007ffe8c218322]

Registers:
RAX=0x0000020000000000, RBX=0x0000020000000000, RCX=0x0000020f7e820e30, RDX=0x00000000000062c4
RSP=0x0000002fcbefafc0, RBP=0x0000000000000000, RSI=0x0000000000000000, RDI=0x0000020f67671b00
R8 =0x00000000f45b62c4, R9 =0x0000002fcbefb088, R10=0x0000000000000000, R11=0x0000020f67672056
R12=0x0000002fcbefb088, R13=0x0000000000000000, R14=0x0000002fcbefb040, R15=0x0000020f7e820e30
RIP=0x00007ffe8c6275f0, EFLAGS=0x0000000000010206

Top of Stack: (sp=0x0000002fcbefafc0)
0x0000002fcbefafc0:   0000020f7fb9bde0 0000000000000000
0x0000002fcbefafd0:   0000020f67671b60 00007ffe8c106a06
0x0000002fcbefafe0:   0000020f67671b60 00000000000003d8
0x0000002fcbefaff0:   0000020f67672040 0000020f67672418
0x0000002fcbefb000:   000000000000000b 00007ffe8c628d67
0x0000002fcbefb010:   0000020f7e820e30 0000000000000000
0x0000002fcbefb020:   0000020f67671b60 0000020f654a2a00
0x0000002fcbefb030:   0000020f67672420 0000000000000000
0x0000002fcbefb040:   0000020f67671b60 00000000f45b62c4
0x0000002fcbefb050:   0000002f0000000b 0000020f67672040
0x0000002fcbefb060:   0000000000000000 0000020f67671b60
0x0000002fcbefb070:   000000000000000b 00007ffe8c62995f
0x0000002fcbefb080:   0000000000000000 00007ffe8c666a31
0x0000002fcbefb090:   00000000f45b62c4 0000020f67672040
0x0000002fcbefb0a0:   0000020f67671b60 0000020f67671b60
0x0000002fcbefb0b0:   0000020f67671b60 00007ffe8c629b3e 

Instructions: (pc=0x00007ffe8c6275f0)
0x00007ffe8c6274f0:   ff ff ff ff ff 15 ae de 35 00 49 8d 4d 50 e8 1d
0x00007ffe8c627500:   83 05 00 48 ff c7 48 3b fe 72 c5 49 8b bf 08 01
0x00007ffe8c627510:   00 00 48 8b c7 40 f6 c7 01 75 0b 48 8b 05 1e ba
0x00007ffe8c627520:   3c 00 48 83 c8 01 49 89 87 08 01 00 00 e8 fe 54
0x00007ffe8c627530:   f6 ff 48 8b 74 24 20 49 ff c4 4c 3b 64 24 28 0f
0x00007ffe8c627540:   82 6b fe ff ff 4c 8b b4 24 88 08 00 00 49 89 bf
0x00007ffe8c627550:   08 01 00 00 48 8b 8c 24 30 08 00 00 48 33 cc e8
0x00007ffe8c627560:   7c 16 12 00 48 81 c4 40 08 00 00 41 5f 41 5d 41
0x00007ffe8c627570:   5c 5f 5e 5d 5b c3 cc cc cc cc cc cc cc cc cc cc
0x00007ffe8c627580:   40 56 41 54 41 57 48 83 ec 30 48 8b 41 08 4d 8b
0x00007ffe8c627590:   e1 48 89 5c 24 50 4c 8b f9 48 89 7c 24 60 40 32
0x00007ffe8c6275a0:   ff 4c 89 6c 24 28 48 8b 50 18 48 8b 00 4c 89 74
0x00007ffe8c6275b0:   24 20 4d 8b f0 4d 8b 40 08 49 23 d0 48 8d 1c d0
0x00007ffe8c6275c0:   48 8b 04 d0 d0 e8 a8 01 74 12 48 8b 41 10 48 8b
0x00007ffe8c6275d0:   48 18 48 8b 00 49 23 c8 48 8d 1c c8 48 8b 1b 45
0x00007ffe8c6275e0:   33 ed 41 8b f5 48 83 e3 fc 0f 84 ae 00 00 00 90
0x00007ffe8c6275f0:   48 8b 4b 08 48 ff c6 ff 15 73 42 34 00 48 85 c0
0x00007ffe8c627600:   75 0a 40 84 ff 75 19 40 b7 01 eb 14 45 8b 46 10
0x00007ffe8c627610:   48 8b c8 49 8b 56 18 e8 b4 09 ca ff 84 c0 75 0a
0x00007ffe8c627620:   48 8b 1b 48 85 db 75 c8 eb 73 48 8b 4b 08 48 89
0x00007ffe8c627630:   6c 24 58 ff 15 6f 41 34 00 48 8b e8 48 85 c0 75
0x00007ffe8c627640:   05 49 8b c5 eb 4e 49 8b 06 48 8b b8 98 02 00 00
0x00007ffe8c627650:   48 8b 47 18 48 83 f8 f7 76 18 4c 8d 05 af fa 18
0x00007ffe8c627660:   00 ba 08 00 00 00 48 8b cf e8 22 13 9e ff 48 8b
0x00007ffe8c627670:   47 18 48 8d 48 08 48 3b 4f 20 76 11 45 33 c0 48
0x00007ffe8c627680:   8b cf 41 8d 50 08 e8 55 0f 9e ff eb 04 48 89 4f
0x00007ffe8c627690:   18 48 89 28 48 8b 6c 24 58 49 89 46 20 4c 8b 74
0x00007ffe8c6276a0:   24 20 48 8d 43 08 48 8b 7c 24 60 48 85 db 48 8b
0x00007ffe8c6276b0:   5c 24 50 49 0f 44 c5 4c 8b 6c 24 28 4d 85 e4 74
0x00007ffe8c6276c0:   0b 49 3b 77 28 0f 97 c1 41 88 0c 24 48 83 c4 30
0x00007ffe8c6276d0:   41 5f 41 5c 5e c3 cc cc cc cc cc cc cc cc cc cc
0x00007ffe8c6276e0:   40 56 41 54 41 57 48 83 ec 30 48 8b 41 08 4d 8b 


Stack slot to memory mapping:
stack at sp + 0 slots: 0x0000020f7fb9bde0 points into unknown readable memory: 0x0000000000000000 | 00 00 00 00 00 00 00 00
stack at sp + 1 slots: 0x0 is NULL
stack at sp + 2 slots: 0x0000020f67671b60 is a thread
stack at sp + 3 slots: 0x00007ffe8c106a06 jvm.dll
stack at sp + 4 slots: 0x0000020f67671b60 is a thread
stack at sp + 5 slots: 0x00000000000003d8 is an unknown value
stack at sp + 6 slots: 0x0000020f67672040 points into unknown readable memory: 0x0061006900730041 | 41 00 73 00 69 00 61 00
stack at sp + 7 slots: 0x0000020f67672418 points into unknown readable memory: 0x080469bf58b3b1f5 | f5 b1 b3 58 bf 69 04 08


---------------  P R O C E S S  ---------------

Threads class SMR info:
_java_thread_list=0x0000020f00b8e2d0, length=16, elements={
0x0000020f67671b60, 0x0000020f7e9c8010, 0x0000020f7e9c89d0, 0x0000020f7f300080,
0x0000020f7f3030f0, 0x0000020f7f306260, 0x0000020f7e9eb5f0, 0x0000020f7e9ec3c0,
0x0000020f7e9f5bc0, 0x0000020f7f4638f0, 0x0000020f7f49a010, 0x0000020f015ce060,
0x0000020f03caf570, 0x0000020f022070e0, 0x0000020f016ff430, 0x0000020f04b779b0
}

Java Threads: ( => current thread )
=>0x0000020f67671b60 JavaThread "main" [_thread_in_vm, id=4032, stack(0x0000002fcbe00000,0x0000002fcbf00000)]
  0x0000020f7e9c8010 JavaThread "Reference Handler" daemon [_thread_blocked, id=7728, stack(0x0000002fcc500000,0x0000002fcc600000)]
  0x0000020f7e9c89d0 JavaThread "Finalizer" daemon [_thread_blocked, id=5608, stack(0x0000002fcc600000,0x0000002fcc700000)]
  0x0000020f7f300080 JavaThread "Signal Dispatcher" daemon [_thread_blocked, id=2568, stack(0x0000002fcc700000,0x0000002fcc800000)]
  0x0000020f7f3030f0 JavaThread "Attach Listener" daemon [_thread_blocked, id=9000, stack(0x0000002fcc800000,0x0000002fcc900000)]
  0x0000020f7f306260 JavaThread "Service Thread" daemon [_thread_blocked, id=10108, stack(0x0000002fcc900000,0x0000002fcca00000)]
  0x0000020f7e9eb5f0 JavaThread "C2 CompilerThread0" daemon [_thread_blocked, id=6108, stack(0x0000002fcca00000,0x0000002fccb00000)]
  0x0000020f7e9ec3c0 JavaThread "C1 CompilerThread0" daemon [_thread_blocked, id=8968, stack(0x0000002fccb00000,0x0000002fccc00000)]
  0x0000020f7e9f5bc0 JavaThread "Sweeper thread" daemon [_thread_blocked, id=5896, stack(0x0000002fccc00000,0x0000002fccd00000)]
  0x0000020f7f4638f0 JavaThread "Notification Thread" daemon [_thread_blocked, id=1420, stack(0x0000002fccd00000,0x0000002fcce00000)]
  0x0000020f7f49a010 JavaThread "Common-Cleaner" daemon [_thread_blocked, id=5404, stack(0x0000002fccf00000,0x0000002fcd000000)]
  0x0000020f015ce060 JavaThread "OkHttp repo.maven.apache.org" [_thread_in_native, id=8284, stack(0x0000002fcd400000,0x0000002fcd500000)]
  0x0000020f03caf570 JavaThread "OkHttp ConnectionPool" daemon [_thread_blocked, id=8020, stack(0x0000002fcd500000,0x0000002fcd600000)]
  0x0000020f022070e0 JavaThread "Okio Watchdog" daemon [_thread_blocked, id=6900, stack(0x0000002fcd600000,0x0000002fcd700000)]
  0x0000020f016ff430 JavaThread "OkHttp repo.maven.apache.org Writer" [_thread_blocked, id=10128, stack(0x0000002fcd700000,0x0000002fcd800000)]
  0x0000020f04b779b0 JavaThread "OkHttp Http2Connection" daemon [_thread_blocked, id=1840, stack(0x0000002fcd800000,0x0000002fcd900000)]

Other Threads:
  0x0000020f7e992ef0 VMThread "VM Thread" [stack: 0x0000002fcc400000,0x0000002fcc500000] [id=1244]
  0x0000020f7f464be0 WatcherThread [stack: 0x0000002fcce00000,0x0000002fccf00000] [id=4352]
  0x0000020f676a13f0 GCTaskThread "GC Thread#0" [stack: 0x0000002fcbf00000,0x0000002fcc000000] [id=4244]
  0x0000020f7fe4b5f0 GCTaskThread "GC Thread#1" [stack: 0x0000002fcd000000,0x0000002fcd100000] [id=1696]
  0x0000020f7fe49940 GCTaskThread "GC Thread#2" [stack: 0x0000002fcd900000,0x0000002fcda00000] [id=8328]
  0x0000020f7fe49c70 GCTaskThread "GC Thread#3" [stack: 0x0000002fcda00000,0x0000002fcdb00000] [id=10056]
  0x0000020f676ab6c0 ConcurrentGCThread "G1 Main Marker" [stack: 0x0000002fcc000000,0x0000002fcc100000] [id=2764]
  0x0000020f676ad1d0 ConcurrentGCThread "G1 Conc#0" [stack: 0x0000002fcc100000,0x0000002fcc200000] [id=6016]
  0x0000020f676ea0f0 ConcurrentGCThread "G1 Refine#0" [stack: 0x0000002fcc200000,0x0000002fcc300000] [id=8872]
  0x0000020f043ef750 ConcurrentGCThread "G1 Refine#1" [stack: 0x0000002fcd100000,0x0000002fcd200000] [id=8216]
  0x0000020f02f18df0 ConcurrentGCThread "G1 Refine#2" [stack: 0x0000002fcd200000,0x0000002fcd300000] [id=3956]
  0x0000020f676eac00 ConcurrentGCThread "G1 Young RemSet Sampling" [stack: 0x0000002fcc300000,0x0000002fcc400000] [id=3916]

Threads with active compile tasks:

VM state: not at safepoint (normal execution)

VM Mutex/Monitor currently owned by a thread: None

Heap address: 0x00000000c3200000, size: 974 MB, Compressed Oops mode: 32-bit
CDS disabled.
Compressed class space mapped at: 0x0000000100000000-0x0000000140000000, size: 1073741824
Narrow klass base: 0x0000000000000000, Narrow klass shift: 3, Narrow klass range: 0x140000000

GC Precious Log:
 CPUs: 4 total, 4 available
 Memory: 3893M
 Large Page Support: Disabled
 NUMA Support: Disabled
 Compressed Oops: Enabled (32-bit)
 Heap Region Size: 1M
 Heap Min Capacity: 8M
 Heap Initial Capacity: 62M
 Heap Max Capacity: 974M
 Pre-touch: Disabled
 Parallel Workers: 4
 Concurrent Workers: 1
 Concurrent Refinement Workers: 4
 Periodic GC: Disabled

Heap:
 garbage-first heap   total 79872K, used 39999K [0x00000000c3200000, 0x0000000100000000)
  region size 1024K, 2 young (2048K), 1 survivors (1024K)
 Metaspace       used 40247K, capacity 40643K, committed 40832K, reserved 1085440K
  class space    used 4183K, capacity 4358K, committed 4480K, reserved 1048576K

Heap Regions: E=young(eden), S=young(survivor), O=old, HS=humongous(starts), HC=humongous(continues), CS=collection set, F=free, OA=open archive, CA=closed archive, TAMS=top-at-mark-start (previous, next)
|   0|0x00000000c3200000, 0x00000000c3300000, 0x00000000c3300000|100%| O|  |TAMS 0x00000000c3300000, 0x00000000c3200000| Untracked 
|   1|0x00000000c3300000, 0x00000000c3400000, 0x00000000c3400000|100%| O|  |TAMS 0x00000000c3400000, 0x00000000c3300000| Untracked 
|   2|0x00000000c3400000, 0x00000000c3500000, 0x00000000c3500000|100%| O|  |TAMS 0x00000000c3500000, 0x00000000c3400000| Untracked 
|   3|0x00000000c3500000, 0x00000000c3600000, 0x00000000c3600000|100%| O|  |TAMS 0x00000000c3500000, 0x00000000c3500000| Untracked 
|   4|0x00000000c3600000, 0x00000000c3700000, 0x00000000c3700000|100%| O|  |TAMS 0x00000000c3700000, 0x00000000c3600000| Untracked 
|   5|0x00000000c3700000, 0x00000000c3800000, 0x00000000c3800000|100%| O|  |TAMS 0x00000000c3800000, 0x00000000c3700000| Untracked 
|   6|0x00000000c3800000, 0x00000000c3900000, 0x00000000c3900000|100%| O|  |TAMS 0x00000000c3900000, 0x00000000c3800000| Untracked 
|   7|0x00000000c3900000, 0x00000000c3a00000, 0x00000000c3a00000|100%| O|  |TAMS 0x00000000c3a00000, 0x00000000c3900000| Complete 
|   8|0x00000000c3a00000, 0x00000000c3b00000, 0x00000000c3b00000|100%| O|  |TAMS 0x00000000c3b00000, 0x00000000c3a00000| Untracked 
|   9|0x00000000c3b00000, 0x00000000c3c00000, 0x00000000c3c00000|100%| O|  |TAMS 0x00000000c3c00000, 0x00000000c3b00000| Untracked 
|  10|0x00000000c3c00000, 0x00000000c3d00000, 0x00000000c3d00000|100%| O|  |TAMS 0x00000000c3d00000, 0x00000000c3c00000| Untracked 
|  11|0x00000000c3d00000, 0x00000000c3e00000, 0x00000000c3e00000|100%|HS|  |TAMS 0x00000000c3d00000, 0x00000000c3d00000| Complete 
|  12|0x00000000c3e00000, 0x00000000c3f00000, 0x00000000c3f00000|100%|HC|  |TAMS 0x00000000c3e00000, 0x00000000c3e00000| Complete 
|  13|0x00000000c3f00000, 0x00000000c4000000, 0x00000000c4000000|100%| O|  |TAMS 0x00000000c4000000, 0x00000000c3f00000| Complete 
|  14|0x00000000c4000000, 0x00000000c4100000, 0x00000000c4100000|100%| O|  |TAMS 0x00000000c4100000, 0x00000000c4000000| Complete 
|  15|0x00000000c4100000, 0x00000000c4200000, 0x00000000c4200000|100%| O|  |TAMS 0x00000000c4200000, 0x00000000c4100000| Complete 
|  16|0x00000000c4200000, 0x00000000c4300000, 0x00000000c4300000|100%| O|  |TAMS 0x00000000c4200000, 0x00000000c4200000| Untracked 
|  17|0x00000000c4300000, 0x00000000c4400000, 0x00000000c4400000|100%| O|  |TAMS 0x00000000c4400000, 0x00000000c4300000| Complete 
|  18|0x00000000c4400000, 0x00000000c4499e00, 0x00000000c4500000| 60%| O|  |TAMS 0x00000000c4400000, 0x00000000c4400000| Untracked 
|  19|0x00000000c4500000, 0x00000000c4500000, 0x00000000c4600000|  0%| F|  |TAMS 0x00000000c4500000, 0x00000000c4500000| Untracked 
|  20|0x00000000c4600000, 0x00000000c4700000, 0x00000000c4700000|100%| O|  |TAMS 0x00000000c4700000, 0x00000000c4600000| Untracked 
|  21|0x00000000c4700000, 0x00000000c4800000, 0x00000000c4800000|100%|HS|  |TAMS 0x00000000c4800000, 0x00000000c4700000| Complete 
|  22|0x00000000c4800000, 0x00000000c4900000, 0x00000000c4900000|100%| O|  |TAMS 0x00000000c4900000, 0x00000000c4800000| Untracked 
|  23|0x00000000c4900000, 0x00000000c4a00000, 0x00000000c4a00000|100%| O|  |TAMS 0x00000000c4a00000, 0x00000000c4900000| Untracked 
|  24|0x00000000c4a00000, 0x00000000c4b00000, 0x00000000c4b00000|100%| O|  |TAMS 0x00000000c4b00000, 0x00000000c4a00000| Untracked 
|  25|0x00000000c4b00000, 0x00000000c4c00000, 0x00000000c4c00000|100%| O|  |TAMS 0x00000000c4c00000, 0x00000000c4b00000| Untracked 
|  26|0x00000000c4c00000, 0x00000000c4c00000, 0x00000000c4d00000|  0%| F|  |TAMS 0x00000000c4c00000, 0x00000000c4c00000| Untracked 
|  27|0x00000000c4d00000, 0x00000000c4e00000, 0x00000000c4e00000|100%| O|  |TAMS 0x00000000c4e00000, 0x00000000c4d00000| Untracked 
|  28|0x00000000c4e00000, 0x00000000c4e00000, 0x00000000c4f00000|  0%| F|  |TAMS 0x00000000c4e00000, 0x00000000c4e00000| Untracked 
|  29|0x00000000c4f00000, 0x00000000c5000000, 0x00000000c5000000|100%| O|  |TAMS 0x00000000c5000000, 0x00000000c4f00000| Untracked 
|  30|0x00000000c5000000, 0x00000000c5100000, 0x00000000c5100000|100%| O|  |TAMS 0x00000000c5100000, 0x00000000c5000000| Complete 
|  31|0x00000000c5100000, 0x00000000c5200000, 0x00000000c5200000|100%| O|  |TAMS 0x00000000c5200000, 0x00000000c5100000| Complete 
|  32|0x00000000c5200000, 0x00000000c5300000, 0x00000000c5300000|100%| O|  |TAMS 0x00000000c5300000, 0x00000000c5200000| Untracked 
|  33|0x00000000c5300000, 0x00000000c5400000, 0x00000000c5400000|100%| O|  |TAMS 0x00000000c5400000, 0x00000000c5300000| Complete 
|  34|0x00000000c5400000, 0x00000000c5500000, 0x00000000c5500000|100%| O|  |TAMS 0x00000000c5500000, 0x00000000c5400000| Untracked 
|  35|0x00000000c5500000, 0x00000000c5600000, 0x00000000c5600000|100%| O|  |TAMS 0x00000000c5600000, 0x00000000c5500000| Untracked 
|  36|0x00000000c5600000, 0x00000000c5700000, 0x00000000c5700000|100%| O|  |TAMS 0x00000000c5700000, 0x00000000c5600000| Complete 
|  37|0x00000000c5700000, 0x00000000c5800000, 0x00000000c5800000|100%| O|  |TAMS 0x00000000c5800000, 0x00000000c5700000| Complete 
|  38|0x00000000c5800000, 0x00000000c5900000, 0x00000000c5900000|100%| O|  |TAMS 0x00000000c5900000, 0x00000000c5800000| Untracked 
|  39|0x00000000c5900000, 0x00000000c5900000, 0x00000000c5a00000|  0%| F|  |TAMS 0x00000000c5900000, 0x00000000c5900000| Untracked 
|  40|0x00000000c5a00000, 0x00000000c5a00000, 0x00000000c5b00000|  0%| F|  |TAMS 0x00000000c5a00000, 0x00000000c5a00000| Untracked 
|  41|0x00000000c5b00000, 0x00000000c5b00000, 0x00000000c5c00000|  0%| F|  |TAMS 0x00000000c5b00000, 0x00000000c5b00000| Untracked 
|  42|0x00000000c5c00000, 0x00000000c5c00000, 0x00000000c5d00000|  0%| F|  |TAMS 0x00000000c5c00000, 0x00000000c5c00000| Untracked 
|  43|0x00000000c5d00000, 0x00000000c5d00000, 0x00000000c5e00000|  0%| F|  |TAMS 0x00000000c5d00000, 0x00000000c5d00000| Untracked 
|  44|0x00000000c5e00000, 0x00000000c5e00000, 0x00000000c5f00000|  0%| F|  |TAMS 0x00000000c5e00000, 0x00000000c5e00000| Untracked 
|  45|0x00000000c5f00000, 0x00000000c5f00000, 0x00000000c6000000|  0%| F|  |TAMS 0x00000000c5f00000, 0x00000000c5f00000| Untracked 
|  46|0x00000000c6000000, 0x00000000c6000000, 0x00000000c6100000|  0%| F|  |TAMS 0x00000000c6000000, 0x00000000c6000000| Untracked 
|  47|0x00000000c6100000, 0x00000000c6100000, 0x00000000c6200000|  0%| F|  |TAMS 0x00000000c6100000, 0x00000000c6100000| Untracked 
|  48|0x00000000c6200000, 0x00000000c6200000, 0x00000000c6300000|  0%| F|  |TAMS 0x00000000c6200000, 0x00000000c6200000| Untracked 
|  49|0x00000000c6300000, 0x00000000c6300000, 0x00000000c6400000|  0%| F|  |TAMS 0x00000000c6300000, 0x00000000c6300000| Untracked 
|  50|0x00000000c6400000, 0x00000000c6400000, 0x00000000c6500000|  0%| F|  |TAMS 0x00000000c6400000, 0x00000000c6400000| Untracked 
|  51|0x00000000c6500000, 0x00000000c6500000, 0x00000000c6600000|  0%| F|  |TAMS 0x00000000c6500000, 0x00000000c6500000| Untracked 
|  52|0x00000000c6600000, 0x00000000c6600000, 0x00000000c6700000|  0%| F|  |TAMS 0x00000000c6600000, 0x00000000c6600000| Untracked 
|  53|0x00000000c6700000, 0x00000000c6700000, 0x00000000c6800000|  0%| F|  |TAMS 0x00000000c6700000, 0x00000000c6700000| Untracked 
|  54|0x00000000c6800000, 0x00000000c6800000, 0x00000000c6900000|  0%| F|  |TAMS 0x00000000c6800000, 0x00000000c6800000| Untracked 
|  55|0x00000000c6900000, 0x00000000c6900000, 0x00000000c6a00000|  0%| F|  |TAMS 0x00000000c6900000, 0x00000000c6900000| Untracked 
|  56|0x00000000c6a00000, 0x00000000c6a00000, 0x00000000c6b00000|  0%| F|  |TAMS 0x00000000c6a00000, 0x00000000c6a00000| Untracked 
|  57|0x00000000c6b00000, 0x00000000c6b00000, 0x00000000c6c00000|  0%| F|  |TAMS 0x00000000c6b00000, 0x00000000c6b00000| Untracked 
|  58|0x00000000c6c00000, 0x00000000c6c00000, 0x00000000c6d00000|  0%| F|  |TAMS 0x00000000c6c00000, 0x00000000c6c00000| Untracked 
|  59|0x00000000c6d00000, 0x00000000c6d00000, 0x00000000c6e00000|  0%| F|  |TAMS 0x00000000c6d00000, 0x00000000c6d00000| Untracked 
|  60|0x00000000c6e00000, 0x00000000c6e00000, 0x00000000c6f00000|  0%| F|  |TAMS 0x00000000c6e00000, 0x00000000c6e00000| Untracked 
|  61|0x00000000c6f00000, 0x00000000c6f00000, 0x00000000c7000000|  0%| F|  |TAMS 0x00000000c6f00000, 0x00000000c6f00000| Untracked 
|  62|0x00000000c7000000, 0x00000000c7000000, 0x00000000c7100000|  0%| F|  |TAMS 0x00000000c7000000, 0x00000000c7000000| Untracked 
|  63|0x00000000c7100000, 0x00000000c7100000, 0x00000000c7200000|  0%| F|  |TAMS 0x00000000c7100000, 0x00000000c7100000| Untracked 
|  64|0x00000000c7200000, 0x00000000c7200000, 0x00000000c7300000|  0%| F|  |TAMS 0x00000000c7200000, 0x00000000c7200000| Untracked 
|  65|0x00000000c7300000, 0x00000000c7300000, 0x00000000c7400000|  0%| F|  |TAMS 0x00000000c7300000, 0x00000000c7300000| Untracked 
|  66|0x00000000c7400000, 0x00000000c7400000, 0x00000000c7500000|  0%| F|  |TAMS 0x00000000c7400000, 0x00000000c7400000| Untracked 
|  67|0x00000000c7500000, 0x00000000c7500000, 0x00000000c7600000|  0%| F|  |TAMS 0x00000000c7500000, 0x00000000c7500000| Untracked 
|  68|0x00000000c7600000, 0x00000000c7600000, 0x00000000c7700000|  0%| F|  |TAMS 0x00000000c7600000, 0x00000000c7600000| Untracked 
|  69|0x00000000c7700000, 0x00000000c7700000, 0x00000000c7800000|  0%| F|  |TAMS 0x00000000c7700000, 0x00000000c7700000| Untracked 
|  70|0x00000000c7800000, 0x00000000c7800000, 0x00000000c7900000|  0%| F|  |TAMS 0x00000000c7800000, 0x00000000c7800000| Untracked 
|  71|0x00000000c7900000, 0x00000000c7976138, 0x00000000c7a00000| 46%| S|CS|TAMS 0x00000000c7900000, 0x00000000c7900000| Complete 
|  72|0x00000000c7a00000, 0x00000000c7a00000, 0x00000000c7b00000|  0%| F|  |TAMS 0x00000000c7a00000, 0x00000000c7a00000| Untracked 
|  73|0x00000000c7b00000, 0x00000000c7b00000, 0x00000000c7c00000|  0%| F|  |TAMS 0x00000000c7b00000, 0x00000000c7b00000| Untracked 
|  74|0x00000000c7c00000, 0x00000000c7ca0de8, 0x00000000c7d00000| 62%| E|  |TAMS 0x00000000c7c00000, 0x00000000c7c00000| Complete 
| 971|0x00000000ffd00000, 0x00000000ffe00000, 0x00000000ffe00000|100%| O|  |TAMS 0x00000000ffe00000, 0x00000000ffd00000| Untracked 
| 972|0x00000000ffe00000, 0x00000000fff00000, 0x00000000fff00000|100%| O|  |TAMS 0x00000000fff00000, 0x00000000ffe00000| Untracked 
| 973|0x00000000fff00000, 0x0000000100000000, 0x0000000100000000|100%| O|  |TAMS 0x0000000100000000, 0x00000000fff00000| Complete 

Card table byte_map: [0x0000020f7a270000,0x0000020f7a460000] _byte_map_base: 0x0000020f79c57000

Marking Bits (Prev, Next): (CMBitMap*) 0x0000020f676a1bb0, (CMBitMap*) 0x0000020f676a1b70
 Prev Bits: [0x0000020f7b590000, 0x0000020f7c4c8000)
 Next Bits: [0x0000020f7a650000, 0x0000020f7b588000)

Polling page: 0x0000020f655b0000

Metaspace:

Usage:
  Non-class:     35.43 MB capacity,    35.22 MB (>99%) used,   178.55 KB ( <1%) free+waste,    42.56 KB ( <1%) overhead. 
      Class:      4.26 MB capacity,     4.09 MB ( 96%) used,   160.16 KB (  4%) free+waste,    14.19 KB ( <1%) overhead. 
       Both:     39.69 MB capacity,    39.30 MB (>99%) used,   338.72 KB ( <1%) free+waste,    56.75 KB ( <1%) overhead. 

Virtual space:
  Non-class space:       36.00 MB reserved,      35.50 MB ( 99%) committed 
      Class space:        1.00 GB reserved,       4.38 MB ( <1%) committed 
             Both:        1.04 GB reserved,      39.88 MB (  4%) committed 

Chunk freelists:
   Non-Class:  3.00 KB
       Class:  26.00 KB
        Both:  29.00 KB

MaxMetaspaceSize: 17179869184.00 GB
CompressedClassSpaceSize: 1.00 GB

CodeHeap 'non-profiled nmethods': size=120000Kb used=2684Kb max_used=2684Kb free=117316Kb
 bounds [0x0000020f72b50000, 0x0000020f72df0000, 0x0000020f7a080000]
CodeHeap 'profiled nmethods': size=120000Kb used=11058Kb max_used=11058Kb free=108941Kb
 bounds [0x0000020f6b620000, 0x0000020f6c0f0000, 0x0000020f72b50000]
CodeHeap 'non-nmethods': size=5760Kb used=1262Kb max_used=1313Kb free=4497Kb
 bounds [0x0000020f6b080000, 0x0000020f6b2f0000, 0x0000020f6b620000]
 total_blobs=6179 nmethods=5635 adapters=457
 compilation: enabled
              stopped_count=0, restarted_count=0
 full_count=0

Compilation events (20 events):
Event: 19.591 Thread 0x0000020f7e9ec3c0 5687       3       sun.util.locale.BaseLocale::equals (71 bytes)
Event: 19.591 Thread 0x0000020f7e9ec3c0 nmethod 5687 0x0000020f6c0eb190 code [0x0000020f6c0eb340, 0x0000020f6c0eb7d8]
Event: 19.594 Thread 0x0000020f7e9ec3c0 5688       3       jdk.internal.math.FDBigInteger::mult (64 bytes)
Event: 19.595 Thread 0x0000020f7e9ec3c0 nmethod 5688 0x0000020f6c0eb890 code [0x0000020f6c0eba40, 0x0000020f6c0ebcb8]
Event: 19.595 Thread 0x0000020f7e9ec3c0 5689       3       jdk.internal.math.FDBigInteger::<init> (30 bytes)
Event: 19.595 Thread 0x0000020f7e9ec3c0 nmethod 5689 0x0000020f6c0ebe90 code [0x0000020f6c0ec040, 0x0000020f6c0ec248]
Event: 19.595 Thread 0x0000020f7e9ec3c0 5690       3       jdk.internal.math.FDBigInteger::trimLeadingZeros (57 bytes)
Event: 19.595 Thread 0x0000020f7e9ec3c0 nmethod 5690 0x0000020f6c0ec390 code [0x0000020f6c0ec540, 0x0000020f6c0ec838]
Event: 19.595 Thread 0x0000020f7e9eb5f0 5691       4       java.nio.HeapCharBuffer::<init> (23 bytes)
Event: 19.602 Thread 0x0000020f7e9eb5f0 nmethod 5691 0x0000020f72debb10 code [0x0000020f72debca0, 0x0000020f72dec018]
Event: 19.602 Thread 0x0000020f7e9eb5f0 5692   !   4       java.nio.CharBuffer::wrap (21 bytes)
Event: 19.606 Thread 0x0000020f7e9eb5f0 nmethod 5692 0x0000020f72dec310 code [0x0000020f72dec4a0, 0x0000020f72dec738]
Event: 19.748 Thread 0x0000020f7e9eb5f0 5693       4       java.util.StringTokenizer::skipDelimiters (116 bytes)
Event: 19.750 Thread 0x0000020f7e9ec3c0 5696       1       java.lang.Module::getName (5 bytes)
Event: 19.750 Thread 0x0000020f7e9ec3c0 nmethod 5696 0x0000020f72deca10 code [0x0000020f72decba0, 0x0000020f72decc58]
Event: 19.757 Thread 0x0000020f7e9eb5f0 nmethod 5693 0x0000020f72decd10 code [0x0000020f72decec0, 0x0000020f72ded258]
Event: 19.757 Thread 0x0000020f7e9eb5f0 5694       4       java.util.StringTokenizer::hasMoreTokens (29 bytes)
Event: 19.765 Thread 0x0000020f7e9eb5f0 nmethod 5694 0x0000020f72ded590 code [0x0000020f72ded740, 0x0000020f72dedad8]
Event: 19.765 Thread 0x0000020f7e9eb5f0 5695       4       java.util.StringTokenizer::nextToken (92 bytes)
Event: 19.786 Thread 0x0000020f7e9eb5f0 nmethod 5695 0x0000020f72dede90 code [0x0000020f72dee080, 0x0000020f72dee9f0]

GC Heap History (20 events):
Event: 10.742 GC heap before
{Heap before GC invocations=16 (full 0):
 garbage-first heap   total 44032K, used 31415K [0x00000000c3200000, 0x0000000100000000)
  region size 1024K, 15 young (15360K), 3 survivors (3072K)
 Metaspace       used 31609K, capacity 31947K, committed 32128K, reserved 1077248K
  class space    used 3222K, capacity 3344K, committed 3456K, reserved 1048576K
}
Event: 10.750 GC heap after
{Heap after GC invocations=17 (full 0):
 garbage-first heap   total 44032K, used 23426K [0x00000000c3200000, 0x0000000100000000)
  region size 1024K, 2 young (2048K), 2 survivors (2048K)
 Metaspace       used 31609K, capacity 31947K, committed 32128K, reserved 1077248K
  class space    used 3222K, capacity 3344K, committed 3456K, reserved 1048576K
}
Event: 10.791 GC heap before
{Heap before GC invocations=17 (full 0):
 garbage-first heap   total 44032K, used 25474K [0x00000000c3200000, 0x0000000100000000)
  region size 1024K, 5 young (5120K), 2 survivors (2048K)
 Metaspace       used 31614K, capacity 31947K, committed 32128K, reserved 1077248K
  class space    used 3222K, capacity 3344K, committed 3456K, reserved 1048576K
}
Event: 10.796 GC heap after
{Heap after GC invocations=18 (full 0):
 garbage-first heap   total 53248K, used 24403K [0x00000000c3200000, 0x0000000100000000)
  region size 1024K, 1 young (1024K), 1 survivors (1024K)
 Metaspace       used 31614K, capacity 31947K, committed 32128K, reserved 1077248K
  class space    used 3222K, capacity 3344K, committed 3456K, reserved 1048576K
}
Event: 10.925 GC heap before
{Heap before GC invocations=19 (full 0):
 garbage-first heap   total 53248K, used 36691K [0x00000000c3200000, 0x0000000100000000)
  region size 1024K, 13 young (13312K), 1 survivors (1024K)
 Metaspace       used 31614K, capacity 31947K, committed 32128K, reserved 1077248K
  class space    used 3222K, capacity 3344K, committed 3456K, reserved 1048576K
}
Event: 10.932 GC heap after
{Heap after GC invocations=20 (full 0):
 garbage-first heap   total 53248K, used 28770K [0x00000000c3200000, 0x0000000100000000)
  region size 1024K, 2 young (2048K), 2 survivors (2048K)
 Metaspace       used 31614K, capacity 31947K, committed 32128K, reserved 1077248K
  class space    used 3222K, capacity 3344K, committed 3456K, reserved 1048576K
}
Event: 13.844 GC heap before
{Heap before GC invocations=20 (full 0):
 garbage-first heap   total 53248K, used 37986K [0x00000000c3200000, 0x0000000100000000)
  region size 1024K, 12 young (12288K), 2 survivors (2048K)
 Metaspace       used 31614K, capacity 31947K, committed 32128K, reserved 1077248K
  class space    used 3222K, capacity 3344K, committed 3456K, reserved 1048576K
}
Event: 13.851 GC heap after
{Heap after GC invocations=21 (full 0):
 garbage-first heap   total 53248K, used 31842K [0x00000000c3200000, 0x0000000100000000)
  region size 1024K, 2 young (2048K), 2 survivors (2048K)
 Metaspace       used 31614K, capacity 31947K, committed 32128K, reserved 1077248K
  class space    used 3222K, capacity 3344K, committed 3456K, reserved 1048576K
}
Event: 14.181 GC heap before
{Heap before GC invocations=22 (full 0):
 garbage-first heap   total 61440K, used 39010K [0x00000000c3200000, 0x0000000100000000)
  region size 1024K, 9 young (9216K), 2 survivors (2048K)
 Metaspace       used 31624K, capacity 31947K, committed 32128K, reserved 1077248K
  class space    used 3222K, capacity 3344K, committed 3456K, reserved 1048576K
}
Event: 14.185 GC heap after
{Heap after GC invocations=23 (full 0):
 garbage-first heap   total 61440K, used 33087K [0x00000000c3200000, 0x0000000100000000)
  region size 1024K, 2 young (2048K), 2 survivors (2048K)
 Metaspace       used 31624K, capacity 31947K, committed 32128K, reserved 1077248K
  class space    used 3222K, capacity 3344K, committed 3456K, reserved 1048576K
}
Event: 14.491 GC heap before
{Heap before GC invocations=23 (full 0):
 garbage-first heap   total 61440K, used 44351K [0x00000000c3200000, 0x0000000100000000)
  region size 1024K, 13 young (13312K), 2 survivors (2048K)
 Metaspace       used 31689K, capacity 32011K, committed 32128K, reserved 1077248K
  class space    used 3223K, capacity 3344K, committed 3456K, reserved 1048576K
}
Event: 14.506 GC heap after
{Heap after GC invocations=24 (full 0):
 garbage-first heap   total 61440K, used 36659K [0x00000000c3200000, 0x0000000100000000)
  region size 1024K, 2 young (2048K), 2 survivors (2048K)
 Metaspace       used 31689K, capacity 32011K, committed 32128K, reserved 1077248K
  class space    used 3223K, capacity 3344K, committed 3456K, reserved 1048576K
}
Event: 14.938 GC heap before
{Heap before GC invocations=25 (full 0):
 garbage-first heap   total 66560K, used 45875K [0x00000000c3200000, 0x0000000100000000)
  region size 1024K, 11 young (11264K), 2 survivors (2048K)
 Metaspace       used 32416K, capacity 32832K, committed 32896K, reserved 1079296K
  class space    used 3306K, capacity 3447K, committed 3456K, reserved 1048576K
}
Event: 14.950 GC heap after
{Heap after GC invocations=26 (full 0):
 garbage-first heap   total 66560K, used 38331K [0x00000000c3200000, 0x0000000100000000)
  region size 1024K, 2 young (2048K), 2 survivors (2048K)
 Metaspace       used 32416K, capacity 32832K, committed 32896K, reserved 1079296K
  class space    used 3306K, capacity 3447K, committed 3456K, reserved 1048576K
}
Event: 14.973 GC heap before
{Heap before GC invocations=26 (full 0):
 garbage-first heap   total 66560K, used 39355K [0x00000000c3200000, 0x0000000100000000)
  region size 1024K, 3 young (3072K), 2 survivors (2048K)
 Metaspace       used 32496K, capacity 32864K, committed 33024K, reserved 1079296K
  class space    used 3319K, capacity 3479K, committed 3584K, reserved 1048576K
}
Event: 14.988 GC heap after
{Heap after GC invocations=27 (full 0):
 garbage-first heap   total 79872K, used 36101K [0x00000000c3200000, 0x0000000100000000)
  region size 1024K, 1 young (1024K), 1 survivors (1024K)
 Metaspace       used 32496K, capacity 32864K, committed 33024K, reserved 1079296K
  class space    used 3319K, capacity 3479K, committed 3584K, reserved 1048576K
}
Event: 17.649 GC heap before
{Heap before GC invocations=27 (full 0):
 garbage-first heap   total 79872K, used 55557K [0x00000000c3200000, 0x0000000100000000)
  region size 1024K, 21 young (21504K), 1 survivors (1024K)
 Metaspace       used 39091K, capacity 39491K, committed 39680K, reserved 1085440K
  class space    used 4059K, capacity 4230K, committed 4352K, reserved 1048576K
}
Event: 17.662 GC heap after
{Heap after GC invocations=28 (full 0):
 garbage-first heap   total 79872K, used 37380K [0x00000000c3200000, 0x0000000100000000)
  region size 1024K, 3 young (3072K), 3 survivors (3072K)
 Metaspace       used 39091K, capacity 39491K, committed 39680K, reserved 1085440K
  class space    used 4059K, capacity 4230K, committed 4352K, reserved 1048576K
}
Event: 19.431 GC heap before
{Heap before GC invocations=28 (full 0):
 garbage-first heap   total 79872K, used 41476K [0x00000000c3200000, 0x0000000100000000)
  region size 1024K, 6 young (6144K), 3 survivors (3072K)
 Metaspace       used 40098K, capacity 40547K, committed 40704K, reserved 1085440K
  class space    used 4167K, capacity 4326K, committed 4352K, reserved 1048576K
}
Event: 19.437 GC heap after
{Heap after GC invocations=29 (full 0):
 garbage-first heap   total 79872K, used 37951K [0x00000000c3200000, 0x0000000100000000)
  region size 1024K, 1 young (1024K), 1 survivors (1024K)
 Metaspace       used 40098K, capacity 40547K, committed 40704K, reserved 1085440K
  class space    used 4167K, capacity 4326K, committed 4352K, reserved 1048576K
}

Deoptimization events (20 events):
Event: 18.284 Thread 0x0000020f015ce060 Uncommon trap: trap_request=0xffffff45 fr.pc=0x0000020f72cb5168 relative=0x0000000000000148
Event: 18.284 Thread 0x0000020f015ce060 Uncommon trap: reason=unstable_if action=reinterpret pc=0x0000020f72cb5168 method=java.lang.ThreadLocal.get()Ljava/lang/Object; @ 11 c2
Event: 18.284 Thread 0x0000020f015ce060 DEOPT PACKING pc=0x0000020f72cb5168 sp=0x0000002fcd4fe320
Event: 18.284 Thread 0x0000020f015ce060 DEOPT UNPACKING pc=0x0000020f6b0ce129 sp=0x0000002fcd4fe2d8 mode 2
Event: 19.214 Thread 0x0000020f67671b60 Uncommon trap: trap_request=0xffffffde fr.pc=0x0000020f72ca6c90 relative=0x0000000000000070
Event: 19.214 Thread 0x0000020f67671b60 Uncommon trap: reason=class_check action=maybe_recompile pc=0x0000020f72ca6c90 method=java.util.Collections$UnmodifiableMap$UnmodifiableEntrySet$1.hasNext()Z @ 4 c2
Event: 19.214 Thread 0x0000020f67671b60 DEOPT PACKING pc=0x0000020f72ca6c90 sp=0x0000002fcbefc400
Event: 19.214 Thread 0x0000020f67671b60 DEOPT UNPACKING pc=0x0000020f6b0ce129 sp=0x0000002fcbefc390 mode 2
Event: 19.214 Thread 0x0000020f67671b60 Uncommon trap: trap_request=0xffffffde fr.pc=0x0000020f72ca73f0 relative=0x00000000000004d0
Event: 19.214 Thread 0x0000020f67671b60 Uncommon trap: reason=class_check action=maybe_recompile pc=0x0000020f72ca73f0 method=java.util.Collections$UnmodifiableMap$UnmodifiableEntrySet$1.next()Ljava/util/Map$Entry; @ 8 c2
Event: 19.215 Thread 0x0000020f67671b60 DEOPT PACKING pc=0x0000020f72ca73f0 sp=0x0000002fcbefc3a0
Event: 19.215 Thread 0x0000020f67671b60 DEOPT UNPACKING pc=0x0000020f6b0ce129 sp=0x0000002fcbefc320 mode 2
Event: 19.215 Thread 0x0000020f67671b60 Uncommon trap: trap_request=0xffffffde fr.pc=0x0000020f72cb4704 relative=0x0000000000000064
Event: 19.215 Thread 0x0000020f67671b60 Uncommon trap: reason=class_check action=maybe_recompile pc=0x0000020f72cb4704 method=java.util.Collections$UnmodifiableMap$UnmodifiableEntrySet$UnmodifiableEntry.getValue()Ljava/lang/Object; @ 4 c2
Event: 19.215 Thread 0x0000020f67671b60 DEOPT PACKING pc=0x0000020f72cb4704 sp=0x0000002fcbefc400
Event: 19.215 Thread 0x0000020f67671b60 DEOPT UNPACKING pc=0x0000020f6b0ce129 sp=0x0000002fcbefc390 mode 2
Event: 19.215 Thread 0x0000020f67671b60 Uncommon trap: trap_request=0xffffffde fr.pc=0x0000020f72cb4404 relative=0x0000000000000064
Event: 19.215 Thread 0x0000020f67671b60 Uncommon trap: reason=class_check action=maybe_recompile pc=0x0000020f72cb4404 method=java.util.Collections$UnmodifiableMap$UnmodifiableEntrySet$UnmodifiableEntry.getKey()Ljava/lang/Object; @ 4 c2
Event: 19.215 Thread 0x0000020f67671b60 DEOPT PACKING pc=0x0000020f72cb4404 sp=0x0000002fcbefc400
Event: 19.215 Thread 0x0000020f67671b60 DEOPT UNPACKING pc=0x0000020f6b0ce129 sp=0x0000002fcbefc390 mode 2

Classes unloaded (0 events):
No events

Classes redefined (0 events):
No events

Internal exceptions (20 events):
Event: 14.992 Thread 0x0000020f67671b60 Exception <a 'sun/nio/fs/WindowsException'{0x00000000c7c3c028}> (0x00000000c7c3c028) 
thrown [./open/src/hotspot/share/prims/jni.cpp, line 578]
Event: 14.992 Thread 0x0000020f67671b60 Exception <a 'sun/nio/fs/WindowsException'{0x00000000c7c3d0e0}> (0x00000000c7c3d0e0) 
thrown [./open/src/hotspot/share/prims/jni.cpp, line 578]
Event: 14.992 Thread 0x0000020f67671b60 Exception <a 'sun/nio/fs/WindowsException'{0x00000000c7c3d390}> (0x00000000c7c3d390) 
thrown [./open/src/hotspot/share/prims/jni.cpp, line 578]
Event: 15.197 Thread 0x0000020f67671b60 Exception <a 'sun/nio/fs/WindowsException'{0x00000000c7a35198}> (0x00000000c7a35198) 
thrown [./open/src/hotspot/share/prims/jni.cpp, line 578]
Event: 15.198 Thread 0x0000020f67671b60 Exception <a 'sun/nio/fs/WindowsException'{0x00000000c7a354e0}> (0x00000000c7a354e0) 
thrown [./open/src/hotspot/share/prims/jni.cpp, line 578]
Event: 15.198 Thread 0x0000020f67671b60 Exception <a 'sun/nio/fs/WindowsException'{0x00000000c7a36e80}> (0x00000000c7a36e80) 
thrown [./open/src/hotspot/share/prims/jni.cpp, line 578]
Event: 15.198 Thread 0x0000020f67671b60 Exception <a 'sun/nio/fs/WindowsException'{0x00000000c7a371a8}> (0x00000000c7a371a8) 
thrown [./open/src/hotspot/share/prims/jni.cpp, line 578]
Event: 15.198 Thread 0x0000020f67671b60 Exception <a 'sun/nio/fs/WindowsException'{0x00000000c7a38b60}> (0x00000000c7a38b60) 
thrown [./open/src/hotspot/share/prims/jni.cpp, line 578]
Event: 15.198 Thread 0x0000020f67671b60 Exception <a 'sun/nio/fs/WindowsException'{0x00000000c7a38e30}> (0x00000000c7a38e30) 
thrown [./open/src/hotspot/share/prims/jni.cpp, line 578]
Event: 15.198 Thread 0x0000020f67671b60 Exception <a 'sun/nio/fs/WindowsException'{0x00000000c7a3a9e8}> (0x00000000c7a3a9e8) 
thrown [./open/src/hotspot/share/prims/jni.cpp, line 578]
Event: 15.199 Thread 0x0000020f67671b60 Exception <a 'sun/nio/fs/WindowsException'{0x00000000c7a3ad08}> (0x00000000c7a3ad08) 
thrown [./open/src/hotspot/share/prims/jni.cpp, line 578]
Event: 15.576 Thread 0x0000020f67671b60 Exception <a 'sun/nio/fs/WindowsException'{0x00000000c784cd18}> (0x00000000c784cd18) 
thrown [./open/src/hotspot/share/prims/jni.cpp, line 578]
Event: 15.634 Thread 0x0000020f67671b60 Exception <a 'java/lang/NoSuchMethodError'{0x00000000c786ec60}: 'int java.lang.invoke.DirectMethodHandle$Holder.invokeStatic(java.lang.Object, java.lang.Object, java.lang.Object, java.lang.Object)'> (0x00000000c786ec60) 
thrown [./open/src/hotspot/share/interpreter/linkResolver.cpp, line 782]
Event: 15.635 Thread 0x0000020f67671b60 Exception <a 'java/lang/NoSuchMethodError'{0x00000000c7873058}: 'int java.lang.invoke.DirectMethodHandle$Holder.invokeStaticInit(java.lang.Object, java.lang.Object, java.lang.Object, java.lang.Object)'> (0x00000000c7873058) 
thrown [./open/src/hotspot/share/interpreter/linkResolver.cpp, line 782]
Event: 15.637 Thread 0x0000020f67671b60 Exception <a 'java/lang/IncompatibleClassChangeError'{0x00000000c787d068}: Found class java.lang.Object, but interface was expected> (0x00000000c787d068) 
thrown [./open/src/hotspot/share/interpreter/linkResolver.cpp, line 848]
Event: 16.239 Thread 0x0000020f67671b60 Exception <a 'java/lang/NoSuchMethodError'{0x00000000c7088ef8}: 'int java.lang.invoke.DirectMethodHandle$Holder.invokeStaticInit(java.lang.Object, java.lang.Object, java.lang.Object)'> (0x00000000c7088ef8) 
thrown [./open/src/hotspot/share/interpreter/linkResolver.cpp, line 782]
Event: 16.283 Thread 0x0000020f67671b60 Exception <a 'java/lang/NoSuchMethodError'{0x00000000c70d0898}: 'java.lang.Object java.lang.invoke.DirectMethodHandle$Holder.invokeStaticInit(java.lang.Object, java.lang.Object, java.lang.Object)'> (0x00000000c70d0898) 
thrown [./open/src/hotspot/share/interpreter/linkResolver.cpp, line 782]
Event: 16.313 Thread 0x0000020f67671b60 Exception <a 'java/lang/NoSuchMethodError'{0x00000000c70e3978}: 'java.lang.Object java.lang.invoke.DirectMethodHandle$Holder.invokeStatic(java.lang.Object, java.lang.Object, int, java.lang.Object)'> (0x00000000c70e3978) 
thrown [./open/src/hotspot/share/interpreter/linkResolver.cpp, line 782]
Event: 16.314 Thread 0x0000020f67671b60 Exception <a 'java/lang/NoSuchMethodError'{0x00000000c70eaae8}: 'java.lang.Object java.lang.invoke.DirectMethodHandle$Holder.newInvokeSpecial(java.lang.Object, java.lang.Object, int)'> (0x00000000c70eaae8) 
thrown [./open/src/hotspot/share/interpreter/linkResolver.cpp, line 782]
Event: 18.284 Thread 0x0000020f015ce060 Implicit null exception at 0x0000020f72cb506d to 0x0000020f72cb5158

Events (20 events):
Event: 19.678 loading class sun/util/locale/provider/TimeZoneNameUtility
Event: 19.746 loading class sun/util/locale/provider/TimeZoneNameUtility done
Event: 19.746 loading class sun/util/locale/provider/TimeZoneNameUtility$TimeZoneNameGetter
Event: 19.746 loading class sun/util/locale/provider/TimeZoneNameUtility$TimeZoneNameGetter done
Event: 19.747 loading class sun/util/cldr/CLDRTimeZoneNameProviderImpl
Event: 19.748 loading class sun/util/locale/provider/TimeZoneNameProviderImpl
Event: 19.748 loading class sun/util/locale/provider/TimeZoneNameProviderImpl done
Event: 19.748 loading class sun/util/cldr/CLDRTimeZoneNameProviderImpl done
Event: 19.749 loading class sun/util/locale/provider/BaseLocaleDataMetaInfo
Event: 19.749 loading class sun/util/locale/provider/BaseLocaleDataMetaInfo done
Event: 19.751 loading class sun/util/resources/cldr/TimeZoneNames
Event: 19.784 loading class sun/util/resources/TimeZoneNamesBundle
Event: 19.784 loading class sun/util/resources/OpenListResourceBundle
Event: 19.785 loading class sun/util/resources/OpenListResourceBundle done
Event: 19.785 loading class sun/util/resources/TimeZoneNamesBundle done
Event: 19.785 loading class sun/util/resources/cldr/TimeZoneNames done
Event: 19.785 loading class sun/util/resources/cldr/TimeZoneNames_en
Event: 19.787 loading class sun/util/resources/cldr/TimeZoneNames_en done
Event: 19.787 loading class sun/util/resources/cldr/TimeZoneNames_en_US
Event: 19.787 loading class sun/util/resources/cldr/TimeZoneNames_en_US done


Dynamic libraries:
0x00007ff7c6b50000 - 0x00007ff7c6b5d000 	C:\Users\toshiba\.p2\pool\plugins\org.eclipse.justj.openjdk.hotspot.jre.full.win32.x86_64_15.0.2.v20210201-0955\jre\bin\javaw.exe
0x00007ffeb9ec0000 - 0x00007ffeba0b0000 	C:\Windows\SYSTEM32\ntdll.dll
0x00007ffeb9920000 - 0x00007ffeb99d2000 	C:\Windows\System32\KERNEL32.DLL
0x00007ffeb7480000 - 0x00007ffeb7723000 	C:\Windows\System32\KERNELBASE.dll
0x00007ffeb7190000 - 0x00007ffeb728a000 	C:\Windows\System32\ucrtbase.dll
0x00007ffeaff20000 - 0x00007ffeaff39000 	C:\Users\toshiba\.p2\pool\plugins\org.eclipse.justj.openjdk.hotspot.jre.full.win32.x86_64_15.0.2.v20210201-0955\jre\bin\VCRUNTIME140.dll
0x00007ffeaff40000 - 0x00007ffeaff58000 	C:\Users\toshiba\.p2\pool\plugins\org.eclipse.justj.openjdk.hotspot.jre.full.win32.x86_64_15.0.2.v20210201-0955\jre\bin\jli.dll
0x00007ffeb9a90000 - 0x00007ffeb9c23000 	C:\Windows\System32\USER32.dll
0x00007ffeb7f40000 - 0x00007ffeb7f61000 	C:\Windows\System32\win32u.dll
0x00007ffea65d0000 - 0x00007ffea6855000 	C:\Windows\WinSxS\amd64_microsoft.windows.common-controls_6595b64144ccf1df_6.0.18362.295_none_e6c3acbd13101292\COMCTL32.dll
0x00007ffeb8180000 - 0x00007ffeb821e000 	C:\Windows\System32\msvcrt.dll
0x00007ffeb8300000 - 0x00007ffeb8326000 	C:\Windows\System32\GDI32.dll
0x00007ffeb6e70000 - 0x00007ffeb7004000 	C:\Windows\System32\gdi32full.dll
0x00007ffeb8ed0000 - 0x00007ffeb9206000 	C:\Windows\System32\combase.dll
0x00007ffeb73e0000 - 0x00007ffeb747e000 	C:\Windows\System32\msvcp_win.dll
0x00007ffeb9800000 - 0x00007ffeb9920000 	C:\Windows\System32\RPCRT4.dll
0x00007ffeb7010000 - 0x00007ffeb7090000 	C:\Windows\System32\bcryptPrimitives.dll
0x00007ffeb8220000 - 0x00007ffeb824e000 	C:\Windows\System32\IMM32.DLL
0x00007ffeaff10000 - 0x00007ffeaff1c000 	C:\Users\toshiba\.p2\pool\plugins\org.eclipse.justj.openjdk.hotspot.jre.full.win32.x86_64_15.0.2.v20210201-0955\jre\bin\vcruntime140_1.dll
0x00007ffe8f390000 - 0x00007ffe8f421000 	C:\Users\toshiba\.p2\pool\plugins\org.eclipse.justj.openjdk.hotspot.jre.full.win32.x86_64_15.0.2.v20210201-0955\jre\bin\msvcp140.dll
0x00007ffe8bf70000 - 0x00007ffe8cace000 	C:\Users\toshiba\.p2\pool\plugins\org.eclipse.justj.openjdk.hotspot.jre.full.win32.x86_64_15.0.2.v20210201-0955\jre\bin\server\jvm.dll
0x00007ffeb8250000 - 0x00007ffeb82f3000 	C:\Windows\System32\ADVAPI32.dll
0x00007ffeb9c30000 - 0x00007ffeb9cc7000 	C:\Windows\System32\sechost.dll
0x00007ffeb8ec0000 - 0x00007ffeb8ec8000 	C:\Windows\System32\PSAPI.DLL
0x00007ffeafde0000 - 0x00007ffeafde9000 	C:\Windows\SYSTEM32\WSOCK32.dll
0x00007ffeb3a50000 - 0x00007ffeb3a74000 	C:\Windows\SYSTEM32\WINMM.dll
0x00007ffea99d0000 - 0x00007ffea99da000 	C:\Windows\SYSTEM32\VERSION.dll
0x00007ffeb8040000 - 0x00007ffeb80af000 	C:\Windows\System32\WS2_32.dll
0x00007ffeb3a20000 - 0x00007ffeb3a4d000 	C:\Windows\SYSTEM32\WINMMBASE.dll
0x00007ffeb7140000 - 0x00007ffeb718a000 	C:\Windows\System32\cfgmgr32.dll
0x00007ffeb6da0000 - 0x00007ffeb6db1000 	C:\Windows\System32\kernel.appcore.dll
0x00007ffead9c0000 - 0x00007ffead9ca000 	C:\Users\toshiba\.p2\pool\plugins\org.eclipse.justj.openjdk.hotspot.jre.full.win32.x86_64_15.0.2.v20210201-0955\jre\bin\jimage.dll
0x00007ffeaacd0000 - 0x00007ffeaaec4000 	C:\Windows\SYSTEM32\DBGHELP.DLL
0x00007ffeaaca0000 - 0x00007ffeaacca000 	C:\Windows\SYSTEM32\dbgcore.DLL
0x00007ffea17b0000 - 0x00007ffea17d5000 	C:\Users\toshiba\.p2\pool\plugins\org.eclipse.justj.openjdk.hotspot.jre.full.win32.x86_64_15.0.2.v20210201-0955\jre\bin\java.dll
0x00007ffeaa8c0000 - 0x00007ffeaa8d8000 	C:\Users\toshiba\.p2\pool\plugins\org.eclipse.justj.openjdk.hotspot.jre.full.win32.x86_64_15.0.2.v20210201-0955\jre\bin\zip.dll
0x00007ffeb8720000 - 0x00007ffeb8e02000 	C:\Windows\System32\SHELL32.dll
0x00007ffeb99e0000 - 0x00007ffeb9a89000 	C:\Windows\System32\shcore.dll
0x00007ffeb77c0000 - 0x00007ffeb7f3c000 	C:\Windows\System32\windows.storage.dll
0x00007ffeb6e30000 - 0x00007ffeb6e4f000 	C:\Windows\System32\profapi.dll
0x00007ffeb6de0000 - 0x00007ffeb6e2a000 	C:\Windows\System32\powrprof.dll
0x00007ffeb6d90000 - 0x00007ffeb6da0000 	C:\Windows\System32\UMPDC.dll
0x00007ffeb8330000 - 0x00007ffeb8382000 	C:\Windows\System32\shlwapi.dll
0x00007ffeb6e50000 - 0x00007ffeb6e67000 	C:\Windows\System32\cryptsp.dll
0x00007ffea9e80000 - 0x00007ffea9e99000 	C:\Users\toshiba\.p2\pool\plugins\org.eclipse.justj.openjdk.hotspot.jre.full.win32.x86_64_15.0.2.v20210201-0955\jre\bin\net.dll
0x00007ffeae560000 - 0x00007ffeae650000 	C:\Windows\SYSTEM32\WINHTTP.dll
0x00007ffeb6600000 - 0x00007ffeb6667000 	C:\Windows\system32\mswsock.dll
0x00007ffea9d00000 - 0x00007ffea9d12000 	C:\Users\toshiba\.p2\pool\plugins\org.eclipse.justj.openjdk.hotspot.jre.full.win32.x86_64_15.0.2.v20210201-0955\jre\bin\nio.dll
0x00007ffea9c90000 - 0x00007ffea9ca0000 	C:\Users\toshiba\.p2\pool\plugins\org.eclipse.justj.openjdk.hotspot.jre.full.win32.x86_64_15.0.2.v20210201-0955\jre\bin\verify.dll
0x00007ffeb6170000 - 0x00007ffeb61a3000 	C:\Windows\system32\rsaenh.dll
0x00007ffeb7790000 - 0x00007ffeb77b6000 	C:\Windows\System32\bcrypt.dll
0x00007ffeb6c80000 - 0x00007ffeb6ca5000 	C:\Windows\SYSTEM32\USERENV.dll
0x00007ffeb67d0000 - 0x00007ffeb67dc000 	C:\Windows\SYSTEM32\CRYPTBASE.dll
0x00007ffeb6310000 - 0x00007ffeb634a000 	C:\Windows\SYSTEM32\IPHLPAPI.DLL
0x00007ffeb9e10000 - 0x00007ffeb9e18000 	C:\Windows\System32\NSI.dll
0x00007ffeaf290000 - 0x00007ffeaf2a6000 	C:\Windows\SYSTEM32\dhcpcsvc6.DLL
0x00007ffeaf270000 - 0x00007ffeaf28c000 	C:\Windows\SYSTEM32\dhcpcsvc.DLL
0x00007ffeb6350000 - 0x00007ffeb641a000 	C:\Windows\SYSTEM32\DNSAPI.dll
0x00007ffeaff70000 - 0x00007ffeaff7a000 	C:\Users\toshiba\AppData\Local\Temp\jansi-1.17.1-18148464984387967798.dll
0x00007ffeaff60000 - 0x00007ffeaff6a000 	C:\Users\toshiba\AppData\Local\Temp\jansi-1.17.1-6602251623736726176.dll
0x00007ffeb04d0000 - 0x00007ffeb04dd000 	C:\Users\toshiba\.p2\pool\plugins\org.eclipse.justj.openjdk.hotspot.jre.full.win32.x86_64_15.0.2.v20210201-0955\jre\bin\sunmscapi.dll
0x00007ffeb7290000 - 0x00007ffeb73d9000 	C:\Windows\System32\CRYPT32.dll
0x00007ffeb6dc0000 - 0x00007ffeb6dd2000 	C:\Windows\System32\MSASN1.dll
0x00007ffeb68d0000 - 0x00007ffeb68f6000 	C:\Windows\SYSTEM32\ncrypt.dll
0x00007ffeb6890000 - 0x00007ffeb68cb000 	C:\Windows\SYSTEM32\NTASN1.dll
0x00007ffeae0b0000 - 0x00007ffeae0ba000 	C:\Windows\System32\rasadhlp.dll
0x00007ffeaef50000 - 0x00007ffeaefc7000 	C:\Windows\System32\fwpuclnt.dll

dbghelp: loaded successfully - version: 4.0.5 - missing functions: none
symbol engine: initialized successfully - sym options: 0x614 - pdb path: .;C:\Users\toshiba\.p2\pool\plugins\org.eclipse.justj.openjdk.hotspot.jre.full.win32.x86_64_15.0.2.v20210201-0955\jre\bin;C:\Windows\SYSTEM32;C:\Windows\WinSxS\amd64_microsoft.windows.common-controls_6595b64144ccf1df_6.0.18362.295_none_e6c3acbd13101292;C:\Users\toshiba\.p2\pool\plugins\org.eclipse.justj.openjdk.hotspot.jre.full.win32.x86_64_15.0.2.v20210201-0955\jre\bin\server;C:\Users\toshiba\AppData\Local\Temp

VM Arguments:
jvm_args: -Dmaven.home=EMBEDDED -Dclassworlds.conf=C:\Users\toshiba\eclipse-workspace\.metadata\.plugins\org.eclipse.m2e.launching\launches\m2conf2525848416513762503.tmp -Dmaven.multiModuleProjectDirectory=C:\Users\toshiba\eclipse-workspace\LOREMX -Dfile.encoding=Cp1252 -XX:+ShowCodeDetailsInExceptionMessages 
java_command: org.codehaus.plexus.classworlds.launcher.Launcher -B install
java_class_path (initial): C:\Users\toshiba\.p2\pool\plugins\org.eclipse.m2e.maven.runtime_1.16.0.20210129-0849\jars\plexus-classworlds-2.6.0.jar
Launcher Type: SUN_STANDARD

[Global flags]
     intx CICompilerCount                          = 3                                         {product} {ergonomic}
     uint ConcGCThreads                            = 1                                         {product} {ergonomic}
     uint G1ConcRefinementThreads                  = 4                                         {product} {ergonomic}
   size_t G1HeapRegionSize                         = 1048576                                   {product} {ergonomic}
    uintx GCDrainStackTargetSize                   = 64                                        {product} {ergonomic}
   size_t InitialHeapSize                          = 65011712                                  {product} {ergonomic}
   size_t MarkStackSize                            = 4194304                                   {product} {ergonomic}
   size_t MaxHeapSize                              = 1021313024                                {product} {ergonomic}
   size_t MaxNewSize                               = 612368384                                 {product} {ergonomic}
   size_t MinHeapDeltaBytes                        = 1048576                                   {product} {ergonomic}
   size_t MinHeapSize                              = 8388608                                   {product} {ergonomic}
    uintx NonNMethodCodeHeapSize                   = 5832780                                {pd product} {ergonomic}
    uintx NonProfiledCodeHeapSize                  = 122912730                              {pd product} {ergonomic}
    uintx ProfiledCodeHeapSize                     = 122912730                              {pd product} {ergonomic}
    uintx ReservedCodeCacheSize                    = 251658240                              {pd product} {ergonomic}
     bool SegmentedCodeCache                       = true                                      {product} {ergonomic}
     bool ShowCodeDetailsInExceptionMessages       = true                                   {manageable} {command line}
   size_t SoftMaxHeapSize                          = 1021313024                             {manageable} {ergonomic}
     bool UseCompressedClassPointers               = true                                 {lp64_product} {ergonomic}
     bool UseCompressedOops                        = true                                 {lp64_product} {ergonomic}
     bool UseG1GC                                  = true                                      {product} {ergonomic}
     bool UseLargePagesIndividualAllocation        = false                                  {pd product} {ergonomic}

Logging:
Log output configuration:
 #0: stdout all=warning uptime,level,tags
 #1: stderr all=off uptime,level,tags

Environment Variables:
PATH=C:/Users/toshiba/.p2/pool/plugins/org.eclipse.justj.openjdk.hotspot.jre.full.win32.x86_64_15.0.2.v20210201-0955/jre/bin/server;C:/Users/toshiba/.p2/pool/plugins/org.eclipse.justj.openjdk.hotspot.jre.full.win32.x86_64_15.0.2.v20210201-0955/jre/bin;C:\Windows\system32;C:\Windows;C:\Windows\System32\Wbem;C:\Windows\System32\WindowsPowerShell\v1.0\;C:\Windows\System32\OpenSSH\;C:\Users\toshiba\AppData\Local\Microsoft\WindowsApps;;C:\Users\toshiba\Desktop;
USERNAME=toshiba
OS=Windows_NT
PROCESSOR_IDENTIFIER=Intel64 Family 6 Model 37 Stepping 5, GenuineIntel



---------------  S Y S T E M  ---------------

OS:
 Windows 10 , 64 bit Build 18362 (10.0.18362.86)
OS uptime: 0 days 10:17 hours

CPU: total 4 (initial active 4) (2 cores per cpu, 2 threads per core) family 6 model 37 stepping 5 microcode 0x7, cmov, cx8, fxsr, mmx, sse, sse2, sse3, ssse3, sse4.1, sse4.2, popcnt, ht, tsc, tscinvbit, clflush

Memory: 4k page, system-wide physical 3893M (312M free)
TotalPageFile size 7028M (AvailPageFile size 857M)
current process WorkingSet (physical memory assigned to process): 234M, peak: 237M
current process commit charge ("private bytes"): 256M, peak: 263M

vm_info: OpenJDK 64-Bit Server VM (15.0.2+7-27) for windows-amd64 JRE (15.0.2+7-27), built on Dec  7 2020 20:02:38 by "mach5one" with unknown MS VC++:1925

END.
